# JRE version: Java(TM) SE Runtime Environment (8.0_144-b01) (build 1.8.0_144-b01)
# Java VM: Java HotSpot(TM) 64-Bit Server VM (25.144-b01 mixed mode windows-amd64 compressed oops)
Heap:
 PSYoungGen      total 463872K, used 87949K [0x0000000720000000, 0x000000073d900000, 0x00000007c0000000)
  eden space 443392K, 19% used [0x0000000720000000,0x00000007255e35a8,0x000000073b100000)
  from space 20480K, 0% used [0x000000073b100000,0x000000073b100000,0x000000073c500000)
  to   space 19456K, 0% used [0x000000073c600000,0x000000073c600000,0x000000073d900000)
 ParOldGen       total 266752K, used 39256K [0x00000005e0000000, 0x00000005f0480000, 0x0000000720000000)
  object space 266752K, 14% used [0x00000005e0000000,0x00000005e26563c8,0x00000005f0480000)
 Metaspace       used 57293K, capacity 61862K, committed 62080K, reserved 1101824K
  class space    used 8009K, capacity 8742K, committed 8832K, reserved 1048576K
GC Heap History (10 events):
Event: 4.064 GC heap before
{Heap before GC invocations=4 (full 1):
 PSYoungGen      total 266240K, used 245760K [0x0000000720000000, 0x0000000731800000, 0x00000007c0000000)
  eden space 245760K, 100% used [0x0000000720000000,0x000000072f000000,0x000000072f000000)
  from space 20480K, 0% used [0x0000000730400000,0x0000000730400000,0x0000000731800000)
  to   space 20480K, 0% used [0x000000072f000000,0x000000072f000000,0x0000000730400000)
 ParOldGen       total 145920K, used 4990K [0x00000005e0000000, 0x00000005e8e80000, 0x0000000720000000)
  object space 145920K, 3% used [0x00000005e0000000,0x00000005e04df9a8,0x00000005e8e80000)
 Metaspace       used 32427K, capacity 34778K, committed 35072K, reserved 1079296K
  class space    used 4300K, capacity 4757K, committed 4864K, reserved 1048576K
Event: 4.079 GC heap after
Heap after GC invocations=4 (full 1):
 PSYoungGen      total 266240K, used 19363K [0x0000000720000000, 0x000000073da00000, 0x00000007c0000000)
  eden space 245760K, 0% used [0x0000000720000000,0x0000000720000000,0x000000072f000000)
  from space 20480K, 94% used [0x000000072f000000,0x00000007302e8f78,0x0000000730400000)
  to   space 20480K, 0% used [0x000000073c600000,0x000000073c600000,0x000000073da00000)
 ParOldGen       total 145920K, used 4998K [0x00000005e0000000, 0x00000005e8e80000, 0x0000000720000000)
  object space 145920K, 3% used [0x00000005e0000000,0x00000005e04e19a8,0x00000005e8e80000)
 Metaspace       used 32427K, capacity 34778K, committed 35072K, reserved 1079296K
  class space    used 4300K, capacity 4757K, committed 4864K, reserved 1048576K
}
Event: 4.162 GC heap before
{Heap before GC invocations=5 (full 1):
 PSYoungGen      total 266240K, used 32460K [0x0000000720000000, 0x000000073da00000, 0x00000007c0000000)
  eden space 245760K, 5% used [0x0000000720000000,0x0000000720cca148,0x000000072f000000)
  from space 20480K, 94% used [0x000000072f000000,0x00000007302e8f78,0x0000000730400000)
  to   space 20480K, 0% used [0x000000073c600000,0x000000073c600000,0x000000073da00000)
 ParOldGen       total 145920K, used 4998K [0x00000005e0000000, 0x00000005e8e80000, 0x0000000720000000)
  object space 145920K, 3% used [0x00000005e0000000,0x00000005e04e19a8,0x00000005e8e80000)
 Metaspace       used 33054K, capacity 35464K, committed 35496K, reserved 1079296K
  class space    used 4388K, capacity 4856K, committed 4864K, reserved 1048576K
Event: 4.169 GC heap after
Heap after GC invocations=5 (full 1):
 PSYoungGen      total 462848K, used 8215K [0x0000000720000000, 0x000000073d900000, 0x00000007c0000000)
  eden space 443392K, 0% used [0x0000000720000000,0x0000000720000000,0x000000073b100000)
  from space 19456K, 42% used [0x000000073c600000,0x000000073ce05dc0,0x000000073d900000)
  to   space 20480K, 0% used [0x000000073b100000,0x000000073b100000,0x000000073c500000)
 ParOldGen       total 145920K, used 5006K [0x00000005e0000000, 0x00000005e8e80000, 0x0000000720000000)
  object space 145920K, 3% used [0x00000005e0000000,0x00000005e04e39a8,0x00000005e8e80000)
 Metaspace       used 33054K, capacity 35464K, committed 35496K, reserved 1079296K
  class space    used 4388K, capacity 4856K, committed 4864K, reserved 1048576K
}
Event: 4.169 GC heap before
{Heap before GC invocations=6 (full 2):
 PSYoungGen      total 462848K, used 8215K [0x0000000720000000, 0x000000073d900000, 0x00000007c0000000)
  eden space 443392K, 0% used [0x0000000720000000,0x0000000720000000,0x000000073b100000)
  from space 19456K, 42% used [0x000000073c600000,0x000000073ce05dc0,0x000000073d900000)
  to   space 20480K, 0% used [0x000000073b100000,0x000000073b100000,0x000000073c500000)
 ParOldGen       total 145920K, used 5006K [0x00000005e0000000, 0x00000005e8e80000, 0x0000000720000000)
  object space 145920K, 3% used [0x00000005e0000000,0x00000005e04e39a8,0x00000005e8e80000)
 Metaspace       used 33054K, capacity 35464K, committed 35496K, reserved 1079296K
  class space    used 4388K, capacity 4856K, committed 4864K, reserved 1048576K
Event: 4.257 GC heap after
Heap after GC invocations=6 (full 2):
 PSYoungGen      total 462848K, used 0K [0x0000000720000000, 0x000000073d900000, 0x00000007c0000000)
  eden space 443392K, 0% used [0x0000000720000000,0x0000000720000000,0x000000073b100000)
  from space 19456K, 0% used [0x000000073c600000,0x000000073c600000,0x000000073d900000)
  to   space 20480K, 0% used [0x000000073b100000,0x000000073b100000,0x000000073c500000)
 ParOldGen       total 191488K, used 12590K [0x00000005e0000000, 0x00000005ebb00000, 0x0000000720000000)
  object space 191488K, 6% used [0x00000005e0000000,0x00000005e0c4ba20,0x00000005ebb00000)
 Metaspace       used 33054K, capacity 35464K, committed 35496K, reserved 1079296K
  class space    used 4388K, capacity 4856K, committed 4864K, reserved 1048576K
}
Event: 9.256 GC heap before
{Heap before GC invocations=7 (full 2):
 PSYoungGen      total 462848K, used 410920K [0x0000000720000000, 0x000000073d900000, 0x00000007c0000000)
  eden space 443392K, 92% used [0x0000000720000000,0x000000073914a0c0,0x000000073b100000)
  from space 19456K, 0% used [0x000000073c600000,0x000000073c600000,0x000000073d900000)
  to   space 20480K, 0% used [0x000000073b100000,0x000000073b100000,0x000000073c500000)
 ParOldGen       total 191488K, used 12590K [0x00000005e0000000, 0x00000005ebb00000, 0x0000000720000000)
  object space 191488K, 6% used [0x00000005e0000000,0x00000005e0c4ba20,0x00000005ebb00000)
 Metaspace       used 55054K, capacity 59128K, committed 59160K, reserved 1099776K
  class space    used 7638K, capacity 8289K, committed 8320K, reserved 1048576K
Event: 9.280 GC heap after
Heap after GC invocations=7 (full 2):
 PSYoungGen      total 463872K, used 20455K [0x0000000720000000, 0x000000073d900000, 0x00000007c0000000)
  eden space 443392K, 0% used [0x0000000720000000,0x0000000720000000,0x000000073b100000)
  from space 20480K, 99% used [0x000000073b100000,0x000000073c4f9d10,0x000000073c500000)
  to   space 19456K, 0% used [0x000000073c600000,0x000000073c600000,0x000000073d900000)
 ParOldGen       total 191488K, used 21057K [0x00000005e0000000, 0x00000005ebb00000, 0x0000000720000000)
  object space 191488K, 10% used [0x00000005e0000000,0x00000005e1490550,0x00000005ebb00000)
 Metaspace       used 55054K, capacity 59128K, committed 59160K, reserved 1099776K
  class space    used 7638K, capacity 8289K, committed 8320K, reserved 1048576K
}
Event: 9.280 GC heap before
{Heap before GC invocations=8 (full 3):
 PSYoungGen      total 463872K, used 20455K [0x0000000720000000, 0x000000073d900000, 0x00000007c0000000)
  eden space 443392K, 0% used [0x0000000720000000,0x0000000720000000,0x000000073b100000)
  from space 20480K, 99% used [0x000000073b100000,0x000000073c4f9d10,0x000000073c500000)
  to   space 19456K, 0% used [0x000000073c600000,0x000000073c600000,0x000000073d900000)
 ParOldGen       total 191488K, used 21057K [0x00000005e0000000, 0x00000005ebb00000, 0x0000000720000000)
  object space 191488K, 10% used [0x00000005e0000000,0x00000005e1490550,0x00000005ebb00000)
 Metaspace       used 55054K, capacity 59128K, committed 59160K, reserved 1099776K
  class space    used 7638K, capacity 8289K, committed 8320K, reserved 1048576K
Event: 9.628 GC heap after
Heap after GC invocations=8 (full 3):
 PSYoungGen      total 463872K, used 0K [0x0000000720000000, 0x000000073d900000, 0x00000007c0000000)
  eden space 443392K, 0% used [0x0000000720000000,0x0000000720000000,0x000000073b100000)
  from space 20480K, 0% used [0x000000073b100000,0x000000073b100000,0x000000073c500000)
  to   space 19456K, 0% used [0x000000073c600000,0x000000073c600000,0x000000073d900000)
 ParOldGen       total 266752K, used 39256K [0x00000005e0000000, 0x00000005f0480000, 0x0000000720000000)
  object space 266752K, 14% used [0x00000005e0000000,0x00000005e26563c8,0x00000005f0480000)
 Metaspace       used 55054K, capacity 59128K, committed 59160K, reserved 1099776K
  class space    used 7638K, capacity 8289K, committed 8320K, reserved 1048576K
}

