# JRE version: Java(TM) SE Runtime Environment (8.0_144-b01) (build 1.8.0_144-b01)
# Java VM: Java HotSpot(TM) 64-Bit Server VM (25.144-b01 mixed mode windows-amd64 compressed oops)
Heap:
 PSYoungGen      total 249856K, used 89066K [0x0000000720000000, 0x0000000737f80000, 0x00000007c0000000)
  eden space 225280K, 28% used [0x0000000720000000,0x0000000723f01658,0x000000072dc00000)
  from space 24576K, 99% used [0x0000000730300000,0x0000000731af91f0,0x0000000731b00000)
  to   space 39936K, 0% used [0x000000072dc00000,0x000000072dc00000,0x0000000730300000)
 ParOldGen       total 223232K, used 48704K [0x00000005e0000000, 0x00000005eda00000, 0x0000000720000000)
  object space 223232K, 21% used [0x00000005e0000000,0x00000005e2f90260,0x00000005eda00000)
 Metaspace       used 29471K, capacity 30232K, committed 30464K, reserved 1077248K
  class space    used 3318K, capacity 3583K, committed 3584K, reserved 1048576K
GC Heap History (10 events):
Event: 4.764 GC heap before
{Heap before GC invocations=3 (full 0):
 PSYoungGen      total 143360K, used 123049K [0x0000000720000000, 0x000000072a000000, 0x00000007c0000000)
  eden space 122880K, 86% used [0x0000000720000000,0x000000072683bd98,0x0000000727800000)
  from space 20480K, 79% used [0x0000000728c00000,0x0000000729bee960,0x000000072a000000)
  to   space 20480K, 0% used [0x0000000727800000,0x0000000727800000,0x0000000728c00000)
 ParOldGen       total 327680K, used 32K [0x00000005e0000000, 0x00000005f4000000, 0x0000000720000000)
  object space 327680K, 0% used [0x00000005e0000000,0x00000005e0008000,0x00000005f4000000)
 Metaspace       used 20734K, capacity 21186K, committed 21296K, reserved 1069056K
  class space    used 2469K, capacity 2647K, committed 2688K, reserved 1048576K
Event: 4.781 GC heap after
Heap after GC invocations=3 (full 0):
 PSYoungGen      total 143360K, used 20380K [0x0000000720000000, 0x0000000731800000, 0x00000007c0000000)
  eden space 122880K, 0% used [0x0000000720000000,0x0000000720000000,0x0000000727800000)
  from space 20480K, 99% used [0x0000000727800000,0x0000000728be7150,0x0000000728c00000)
  to   space 20480K, 0% used [0x0000000730400000,0x0000000730400000,0x0000000731800000)
 ParOldGen       total 327680K, used 40K [0x00000005e0000000, 0x00000005f4000000, 0x0000000720000000)
  object space 327680K, 0% used [0x00000005e0000000,0x00000005e000a000,0x00000005f4000000)
 Metaspace       used 20734K, capacity 21186K, committed 21296K, reserved 1069056K
  class space    used 2469K, capacity 2647K, committed 2688K, reserved 1048576K
}
Event: 4.781 GC heap before
{Heap before GC invocations=4 (full 1):
 PSYoungGen      total 143360K, used 20380K [0x0000000720000000, 0x0000000731800000, 0x00000007c0000000)
  eden space 122880K, 0% used [0x0000000720000000,0x0000000720000000,0x0000000727800000)
  from space 20480K, 99% used [0x0000000727800000,0x0000000728be7150,0x0000000728c00000)
  to   space 20480K, 0% used [0x0000000730400000,0x0000000730400000,0x0000000731800000)
 ParOldGen       total 327680K, used 40K [0x00000005e0000000, 0x00000005f4000000, 0x0000000720000000)
  object space 327680K, 0% used [0x00000005e0000000,0x00000005e000a000,0x00000005f4000000)
 Metaspace       used 20734K, capacity 21186K, committed 21296K, reserved 1069056K
  class space    used 2469K, capacity 2647K, committed 2688K, reserved 1048576K
Event: 4.875 GC heap after
Heap after GC invocations=4 (full 1):
 PSYoungGen      total 143360K, used 0K [0x0000000720000000, 0x0000000731800000, 0x00000007c0000000)
  eden space 122880K, 0% used [0x0000000720000000,0x0000000720000000,0x0000000727800000)
  from space 20480K, 0% used [0x0000000727800000,0x0000000727800000,0x0000000728c00000)
  to   space 20480K, 0% used [0x0000000730400000,0x0000000730400000,0x0000000731800000)
 ParOldGen       total 223232K, used 20157K [0x00000005e0000000, 0x00000005eda00000, 0x0000000720000000)
  object space 223232K, 9% used [0x00000005e0000000,0x00000005e13af620,0x00000005eda00000)
 Metaspace       used 20734K, capacity 21186K, committed 21296K, reserved 1069056K
  class space    used 2469K, capacity 2647K, committed 2688K, reserved 1048576K
}
Event: 6.866 GC heap before
{Heap before GC invocations=5 (full 1):
 PSYoungGen      total 143360K, used 122880K [0x0000000720000000, 0x0000000731800000, 0x00000007c0000000)
  eden space 122880K, 100% used [0x0000000720000000,0x0000000727800000,0x0000000727800000)
  from space 20480K, 0% used [0x0000000727800000,0x0000000727800000,0x0000000728c00000)
  to   space 20480K, 0% used [0x0000000730400000,0x0000000730400000,0x0000000731800000)
 ParOldGen       total 223232K, used 20157K [0x00000005e0000000, 0x00000005eda00000, 0x0000000720000000)
  object space 223232K, 9% used [0x00000005e0000000,0x00000005e13af620,0x00000005eda00000)
 Metaspace       used 23059K, capacity 23602K, committed 23936K, reserved 1071104K
  class space    used 2657K, capacity 2855K, committed 2944K, reserved 1048576K
Event: 6.883 GC heap after
Heap after GC invocations=5 (full 1):
 PSYoungGen      total 184320K, used 19362K [0x0000000720000000, 0x0000000731700000, 0x00000007c0000000)
  eden space 164864K, 0% used [0x0000000720000000,0x0000000720000000,0x000000072a100000)
  from space 19456K, 99% used [0x0000000730400000,0x00000007316e8a40,0x0000000731700000)
  to   space 20480K, 0% used [0x000000072ef00000,0x000000072ef00000,0x0000000730300000)
 ParOldGen       total 223232K, used 20165K [0x00000005e0000000, 0x00000005eda00000, 0x0000000720000000)
  object space 223232K, 9% used [0x00000005e0000000,0x00000005e13b1620,0x00000005eda00000)
 Metaspace       used 23059K, capacity 23602K, committed 23936K, reserved 1071104K
  class space    used 2657K, capacity 2855K, committed 2944K, reserved 1048576K
}
Event: 8.454 GC heap before
{Heap before GC invocations=6 (full 1):
 PSYoungGen      total 184320K, used 184226K [0x0000000720000000, 0x0000000731700000, 0x00000007c0000000)
  eden space 164864K, 100% used [0x0000000720000000,0x000000072a100000,0x000000072a100000)
  from space 19456K, 99% used [0x0000000730400000,0x00000007316e8a40,0x0000000731700000)
  to   space 20480K, 0% used [0x000000072ef00000,0x000000072ef00000,0x0000000730300000)
 ParOldGen       total 223232K, used 20165K [0x00000005e0000000, 0x00000005eda00000, 0x0000000720000000)
  object space 223232K, 9% used [0x00000005e0000000,0x00000005e13b1620,0x00000005eda00000)
 Metaspace       used 24554K, capacity 25124K, committed 25344K, reserved 1071104K
  class space    used 2803K, capacity 3018K, committed 3072K, reserved 1048576K
Event: 8.477 GC heap after
Heap after GC invocations=6 (full 1):
 PSYoungGen      total 245760K, used 20464K [0x0000000720000000, 0x0000000731b00000, 0x00000007c0000000)
  eden space 225280K, 0% used [0x0000000720000000,0x0000000720000000,0x000000072dc00000)
  from space 20480K, 99% used [0x000000072ef00000,0x00000007302fc098,0x0000000730300000)
  to   space 24576K, 0% used [0x0000000730300000,0x0000000730300000,0x0000000731b00000)
 ParOldGen       total 223232K, used 34510K [0x00000005e0000000, 0x00000005eda00000, 0x0000000720000000)
  object space 223232K, 15% used [0x00000005e0000000,0x00000005e21b3828,0x00000005eda00000)
 Metaspace       used 24554K, capacity 25124K, committed 25344K, reserved 1071104K
  class space    used 2803K, capacity 3018K, committed 3072K, reserved 1048576K
}
Event: 11.360 GC heap before
{Heap before GC invocations=7 (full 1):
 PSYoungGen      total 245760K, used 245744K [0x0000000720000000, 0x0000000731b00000, 0x00000007c0000000)
  eden space 225280K, 100% used [0x0000000720000000,0x000000072dc00000,0x000000072dc00000)
  from space 20480K, 99% used [0x000000072ef00000,0x00000007302fc098,0x0000000730300000)
  to   space 24576K, 0% used [0x0000000730300000,0x0000000730300000,0x0000000731b00000)
 ParOldGen       total 223232K, used 34510K [0x00000005e0000000, 0x00000005eda00000, 0x0000000720000000)
  object space 223232K, 15% used [0x00000005e0000000,0x00000005e21b3828,0x00000005eda00000)
 Metaspace       used 27991K, capacity 28818K, committed 29056K, reserved 1075200K
  class space    used 3160K, capacity 3454K, committed 3456K, reserved 1048576K
Event: 11.406 GC heap after
Heap after GC invocations=7 (full 1):
 PSYoungGen      total 249856K, used 24548K [0x0000000720000000, 0x0000000737f80000, 0x00000007c0000000)
  eden space 225280K, 0% used [0x0000000720000000,0x0000000720000000,0x000000072dc00000)
  from space 24576K, 99% used [0x0000000730300000,0x0000000731af91f0,0x0000000731b00000)
  to   space 39936K, 0% used [0x000000072dc00000,0x000000072dc00000,0x0000000730300000)
 ParOldGen       total 223232K, used 48704K [0x00000005e0000000, 0x00000005eda00000, 0x0000000720000000)
  object space 223232K, 21% used [0x00000005e0000000,0x00000005e2f90260,0x00000005eda00000)
 Metaspace       used 27991K, capacity 28818K, committed 29056K, reserved 1075200K
  class space    used 3160K, capacity 3454K, committed 3456K, reserved 1048576K
}

